-----------------------------------------------------------------------------
I.) Constant Parameter                                 16.Jun.2026  22:13:08
-----------------------------------------------------------------------------
Site Specific Parameter / Patient Data
100  Code of installed gradient coil ...: AS82
101  Code of installed GPA .............: K2309_2250V_951A
102  Patient ID ........................: c491d254d346a974d58d9d9f57743c756642b785
103  Patient direction .................: Head first
104  Patient position ..................: Supine

Global parameter of stimulation monitor
105  BitSet2BitsBack ...................: 18.510000
106  Online_tolerance_factor1 ..........: 0.220000
107  Online_tolerance_factor2 ..........: 0.950000
108  HW_corr_factor_X ..................: 0.980000
109  HW_corr_factor_Y ..................: 0.980000
110  HW_corr_factor_Z ..................: 0.980000
111  SW_corr_factor ....................: 1.000000
112  Stim_corr_offset_X ................: 0.000000 [T/s]
113  Stim_corr_offset_Y ................: 0.000000 [T/s]
114  Stim_corr_offset_Z ................: 0.000000 [T/s]

Parameter of dBdt-algorithm
115  dBdt_Model_flag ...................: false
116  Ellipsoid_flag ....................: false
117  dBdt_limit_1(X) ...................:   20.00 [T/s]
118  dBdt_limit_1(Y) ...................:   20.00 [T/s]
119  dBdt_limit_1(Z) ...................:   20.00 [T/s]
120  dBdt_limit_2(X) ...................: 1330.00 [T/s]
121  dBdt_limit_2(Y) ...................: 1330.00 [T/s]
122  dBdt_limit_2(Z) ...................: 1330.00 [T/s]
123  T_limit_1 .........................:  0.0451 [ms]
124  T_limit_2 .........................:  3.0000 [ms]
125  dBdt_thresh_1(X) ..................:   20.00 [T/s]
126  dBdt_thresh_1(Y) ..................:   20.00 [T/s]
127  dBdt_thresh_1(Z) ..................:   20.00 [T/s]
128  dBdt_thresh_2(X) ..................:  960.00 [T/s]
129  dBdt_thresh_2(Y) ..................:  960.00 [T/s]
130  dBdt_thresh_2(Z) ..................:  960.00 [T/s]
131  T_thresh_1 ........................:  0.0025 [ms]
132  T_thresh_2 ........................:  0.1200 [ms]

Parameter of SAFE-algorithm
133  Tau1X, Tau1Y, Tau1Z ...............: 0.19 2.00 2.00 [ms]
134  Tau2X, Tau2Y, Tau2Z ...............: 0.03 2.00 0.17 [ms]
135  Tau3X, Tau3Y, Tau3Z ...............: 2.00 0.22 2.00 [ms]
136  A1x, A1y, A1z .....................: 0.44 0.57 0.42 [ms]
137  A2x, A2y, A2z .....................: 0.00 0.18 0.49 [ms]
138  A3x, A3y, A3z .....................: 0.56 0.25 0.10 [ms]
139  Stim_lim_X ........................: 31.191401 [T/s]
140  Stim_lim_Y ........................: 16.979700 [T/s]
141  Stim_lim_Z ........................: 26.834900 [T/s]
142  Stim_thresh_X .....................: 24.953100 [T/s]
143  Stim_thresh_Y .....................: 13.583800 [T/s]
144  Stim_thresh_Z .....................: 21.467899 [T/s]
145  G_scal(X) .........................: 0.374300 [mT/(mT/m)]
146  G_scal(Y) .........................: 0.337300 [mT/(mT/m)]
147  G_scal(Z) .........................: 0.305500 [mT/(mT/m)]
148  Delta_t ...........................: 0.010000 [ms]
149  Stim_factor .......................: 1.000000

-----------------------------------------------------------------------------
II.) Lookahead Parameter                               16.Jun.2026  22:13:45
-----------------------------------------------------------------------------
Parameter of protocol
200  Protocol name .....................: localizer1
201  Sequence name .....................: %SiemensSeq%\gre
202  Sequence consistency check enabled : true
203  Mode ..............................: Patient

Parameter of sequence
204  Lookahead_factor ..................: 1.020000

Parameter of dBdt-algorithm
205  Stim_legal_thresh_flag ............: false
206  Stim_legal_limit_flag .............: false
207  dBdt_max_tot ......................: 0.000000 [T/s]
208  dBdt_max_rel ......................: 0.000000
209  T_pulse_max .......................: 0.000000 [ms]
210  dBdt_max_thresh ...................: 0.000000 [T/s]
211  dBdt_max_limit ....................: 0.000000 [T/s]

Parameter of SAFE-algorithm
212  Stim_max_total_ahead ..............: 0.711530
213  Stim_max_total_norm_ahead .........: 71.15 %
214  Stim_max_X_ahead ..................: 0.475855 [T/s]
215  Stim_max_Y_ahead ..................: 7.499176 [T/s]
216  Stim_max_Z_ahead ..................: 14.964705 [T/s]
217  Stim_thresh_flag_ahead ............: false
218  Stim_limit_flag_ahead .............: false

-----------------------------------------------------------------------------
III.) Online Parameter                                 16.Jun.2026  22:13:57
-----------------------------------------------------------------------------
User dependent parameter
300  First_Level_Mode_Flag .............: false

Parameter of SAFE-algorithm
301  Stim_max_total_online .............: 0.683119
302  Stim_max_total_norm_online ........: 68.31 %
303  Stim_max_X_online .................: 0.431847 [T/s]
304  Stim_max_Y_online .................: 7.348238 [T/s]
305  Stim_max_Z_online .................: 14.178754 [T/s]
306  Stim_threshold_flag_online ........: false
307  Stim_limit_flag_online ............: false

-----------------------------------------------------------------------------
II.) Lookahead Parameter                               16.Jun.2026  22:15:22
-----------------------------------------------------------------------------
Parameter of protocol
200  Protocol name .....................: rf_pulse
201  Sequence name .....................: %ServiceSeq%\rf_pulse
202  Sequence consistency check enabled : false
203  Mode ..............................: Patient

Parameter of sequence
204  Lookahead_factor ..................: 1.020000

Parameter of dBdt-algorithm
205  Stim_legal_thresh_flag ............: false
206  Stim_legal_limit_flag .............: false
207  dBdt_max_tot ......................: 0.000000 [T/s]
208  dBdt_max_rel ......................: 0.000000
209  T_pulse_max .......................: 0.000000 [ms]
210  dBdt_max_thresh ...................: 0.000000 [T/s]
211  dBdt_max_limit ....................: 0.000000 [T/s]

Parameter of SAFE-algorithm
212  Stim_max_total_ahead ..............: 0.000000
213  Stim_max_total_norm_ahead .........:  0.00 %
214  Stim_max_X_ahead ..................: 0.000000 [T/s]
215  Stim_max_Y_ahead ..................: 0.000000 [T/s]
216  Stim_max_Z_ahead ..................: 0.000000 [T/s]
217  Stim_thresh_flag_ahead ............: false
218  Stim_limit_flag_ahead .............: false

-----------------------------------------------------------------------------
III.) Online Parameter                                 16.Jun.2026  22:15:47
-----------------------------------------------------------------------------
User dependent parameter
300  First_Level_Mode_Flag .............: false

Parameter of SAFE-algorithm
301  Stim_max_total_online .............: 0.050357
302  Stim_max_total_norm_online ........:  5.04 %
303  Stim_max_X_online .................: 0.390520 [T/s]
304  Stim_max_Y_online .................: 0.419200 [T/s]
305  Stim_max_Z_online .................: 1.128842 [T/s]
306  Stim_threshold_flag_online ........: false
307  Stim_limit_flag_online ............: false

-----------------------------------------------------------------------------
II.) Lookahead Parameter                               16.Jun.2026  22:16:17
-----------------------------------------------------------------------------
Parameter of protocol
200  Protocol name .....................: rf_pulse
201  Sequence name .....................: %ServiceSeq%\rf_pulse
202  Sequence consistency check enabled : false
203  Mode ..............................: Patient

Parameter of sequence
204  Lookahead_factor ..................: 1.020000

Parameter of dBdt-algorithm
205  Stim_legal_thresh_flag ............: false
206  Stim_legal_limit_flag .............: false
207  dBdt_max_tot ......................: 0.000000 [T/s]
208  dBdt_max_rel ......................: 0.000000
209  T_pulse_max .......................: 0.000000 [ms]
210  dBdt_max_thresh ...................: 0.000000 [T/s]
211  dBdt_max_limit ....................: 0.000000 [T/s]

Parameter of SAFE-algorithm
212  Stim_max_total_ahead ..............: 0.000000
213  Stim_max_total_norm_ahead .........:  0.00 %
214  Stim_max_X_ahead ..................: 0.000000 [T/s]
215  Stim_max_Y_ahead ..................: 0.000000 [T/s]
216  Stim_max_Z_ahead ..................: 0.000000 [T/s]
217  Stim_thresh_flag_ahead ............: false
218  Stim_limit_flag_ahead .............: false

-----------------------------------------------------------------------------
III.) Online Parameter                                 16.Jun.2026  22:16:23
-----------------------------------------------------------------------------
User dependent parameter
300  First_Level_Mode_Flag .............: false

Parameter of SAFE-algorithm
301  Stim_max_total_online .............: 0.050271
302  Stim_max_total_norm_online ........:  5.03 %
303  Stim_max_X_online .................: 0.384980 [T/s]
304  Stim_max_Y_online .................: 0.414803 [T/s]
305  Stim_max_Z_online .................: 1.131549 [T/s]
306  Stim_threshold_flag_online ........: false
307  Stim_limit_flag_online ............: false

-----------------------------------------------------------------------------
II.) Lookahead Parameter                               16.Jun.2026  22:18:34
-----------------------------------------------------------------------------
Parameter of protocol
200  Protocol name .....................: rf_pulse
201  Sequence name .....................: %ServiceSeq%\rf_pulse
202  Sequence consistency check enabled : false
203  Mode ..............................: Patient

Parameter of sequence
204  Lookahead_factor ..................: 1.020000

Parameter of dBdt-algorithm
205  Stim_legal_thresh_flag ............: false
206  Stim_legal_limit_flag .............: false
207  dBdt_max_tot ......................: 0.000000 [T/s]
208  dBdt_max_rel ......................: 0.000000
209  T_pulse_max .......................: 0.000000 [ms]
210  dBdt_max_thresh ...................: 0.000000 [T/s]
211  dBdt_max_limit ....................: 0.000000 [T/s]

Parameter of SAFE-algorithm
212  Stim_max_total_ahead ..............: 0.000000
213  Stim_max_total_norm_ahead .........:  0.00 %
214  Stim_max_X_ahead ..................: 0.000000 [T/s]
215  Stim_max_Y_ahead ..................: 0.000000 [T/s]
216  Stim_max_Z_ahead ..................: 0.000000 [T/s]
217  Stim_thresh_flag_ahead ............: false
218  Stim_limit_flag_ahead .............: false

-----------------------------------------------------------------------------
III.) Online Parameter                                 16.Jun.2026  22:33:43
-----------------------------------------------------------------------------
User dependent parameter
300  First_Level_Mode_Flag .............: false

Parameter of SAFE-algorithm
301  Stim_max_total_online .............: 0.050315
302  Stim_max_total_norm_online ........:  5.03 %
303  Stim_max_X_online .................: 0.390520 [T/s]
304  Stim_max_Y_online .................: 0.417735 [T/s]
305  Stim_max_Z_online .................: 1.128842 [T/s]
306  Stim_threshold_flag_online ........: false
307  Stim_limit_flag_online ............: false

-----------------------------------------------------------------------------
II.) Lookahead Parameter                               16.Jun.2026  22:51:53
-----------------------------------------------------------------------------
Parameter of protocol
200  Protocol name .....................: rf_pulse
201  Sequence name .....................: %ServiceSeq%\rf_pulse
202  Sequence consistency check enabled : false
203  Mode ..............................: Patient

Parameter of sequence
204  Lookahead_factor ..................: 1.020000

Parameter of dBdt-algorithm
205  Stim_legal_thresh_flag ............: false
206  Stim_legal_limit_flag .............: false
207  dBdt_max_tot ......................: 0.000000 [T/s]
208  dBdt_max_rel ......................: 0.000000
209  T_pulse_max .......................: 0.000000 [ms]
210  dBdt_max_thresh ...................: 0.000000 [T/s]
211  dBdt_max_limit ....................: 0.000000 [T/s]

Parameter of SAFE-algorithm
212  Stim_max_total_ahead ..............: 0.000000
213  Stim_max_total_norm_ahead .........:  0.00 %
214  Stim_max_X_ahead ..................: 0.000000 [T/s]
215  Stim_max_Y_ahead ..................: 0.000000 [T/s]
216  Stim_max_Z_ahead ..................: 0.000000 [T/s]
217  Stim_thresh_flag_ahead ............: false
218  Stim_limit_flag_ahead .............: false

-----------------------------------------------------------------------------
III.) Online Parameter                                 16.Jun.2026  23:07:04
-----------------------------------------------------------------------------
User dependent parameter
300  First_Level_Mode_Flag .............: false

Parameter of SAFE-algorithm
301  Stim_max_total_online .............: 0.050440
302  Stim_max_total_norm_online ........:  5.04 %
303  Stim_max_X_online .................: 0.384980 [T/s]
304  Stim_max_Y_online .................: 0.417735 [T/s]
305  Stim_max_Z_online .................: 1.134256 [T/s]
306  Stim_threshold_flag_online ........: false
307  Stim_limit_flag_online ............: false

-----------------------------------------------------------------------------
II.) Lookahead Parameter                               16.Jun.2026  23:16:50
-----------------------------------------------------------------------------
Parameter of protocol
200  Protocol name .....................: rf_pulse
201  Sequence name .....................: %ServiceSeq%\rf_pulse
202  Sequence consistency check enabled : false
203  Mode ..............................: Patient

Parameter of sequence
204  Lookahead_factor ..................: 1.020000

Parameter of dBdt-algorithm
205  Stim_legal_thresh_flag ............: false
206  Stim_legal_limit_flag .............: false
207  dBdt_max_tot ......................: 0.000000 [T/s]
208  dBdt_max_rel ......................: 0.000000
209  T_pulse_max .......................: 0.000000 [ms]
210  dBdt_max_thresh ...................: 0.000000 [T/s]
211  dBdt_max_limit ....................: 0.000000 [T/s]

Parameter of SAFE-algorithm
212  Stim_max_total_ahead ..............: 0.000000
213  Stim_max_total_norm_ahead .........:  0.00 %
214  Stim_max_X_ahead ..................: 0.000000 [T/s]
215  Stim_max_Y_ahead ..................: 0.000000 [T/s]
216  Stim_max_Z_ahead ..................: 0.000000 [T/s]
217  Stim_thresh_flag_ahead ............: false
218  Stim_limit_flag_ahead .............: false

-----------------------------------------------------------------------------
III.) Online Parameter                                 16.Jun.2026  23:31:59
-----------------------------------------------------------------------------
User dependent parameter
300  First_Level_Mode_Flag .............: false

Parameter of SAFE-algorithm
301  Stim_max_total_online .............: 0.050188
302  Stim_max_total_norm_online ........:  5.02 %
303  Stim_max_X_online .................: 0.390520 [T/s]
304  Stim_max_Y_online .................: 0.413338 [T/s]
305  Stim_max_Z_online .................: 1.128842 [T/s]
306  Stim_threshold_flag_online ........: false
307  Stim_limit_flag_online ............: false
